# JRE version: OpenJDK Runtime Environment (17.0.10) (build 17.0.10+0--11609105)
# Java VM: OpenJDK 64-Bit Server VM (17.0.10+0--11609105, mixed mode, tiered, compressed oops, compressed class ptrs, g1 gc, windows-amd64)
GC Precious Log:
 CPUs: 8 total, 8 available
 Memory: 6091M
 Large Page Support: Disabled
 NUMA Support: Disabled
 Compressed Oops: Enabled (32-bit)
 Heap Region Size: 1M
 Heap Min Capacity: 8M
 Heap Initial Capacity: 96M
 Heap Max Capacity: 2G
 Pre-touch: Disabled
 Parallel Workers: 8
 Concurrent Workers: 2
 Concurrent Refinement Workers: 8
 Periodic GC: Disabled
Heap:
 garbage-first heap   total 410624K, used 330933K [0x0000000080000000, 0x0000000100000000)
  region size 1024K, 2 young (2048K), 2 survivors (2048K)
 Metaspace       used 151761K, committed 153216K, reserved 1245184K
  class space    used 20390K, committed 21056K, reserved 1048576K
GC Heap History (20 events):
Event: 9428.894 GC heap after
{Heap after GC invocations=64 (full 0):
 garbage-first heap   total 410624K, used 278284K [0x0000000080000000, 0x0000000100000000)
  region size 1024K, 2 young (2048K), 2 survivors (2048K)
 Metaspace       used 150327K, committed 151424K, reserved 1179648K
  class space    used 20195K, committed 20736K, reserved 1048576K
}
Event: 11334.724 GC heap before
{Heap before GC invocations=64 (full 0):
 garbage-first heap   total 410624K, used 348940K [0x0000000080000000, 0x0000000100000000)
  region size 1024K, 72 young (73728K), 2 survivors (2048K)
 Metaspace       used 150632K, committed 151808K, reserved 1245184K
  class space    used 20243K, committed 20800K, reserved 1048576K
}
Event: 11334.763 GC heap after
{Heap after GC invocations=65 (full 0):
 garbage-first heap   total 410624K, used 283052K [0x0000000080000000, 0x0000000100000000)
  region size 1024K, 7 young (7168K), 7 survivors (7168K)
 Metaspace       used 150632K, committed 151808K, reserved 1245184K
  class space    used 20243K, committed 20800K, reserved 1048576K
}
Event: 11337.266 GC heap before
{Heap before GC invocations=65 (full 0):
 garbage-first heap   total 410624K, used 351660K [0x0000000080000000, 0x0000000100000000)
  region size 1024K, 73 young (74752K), 7 survivors (7168K)
 Metaspace       used 150932K, committed 152192K, reserved 1245184K
  class space    used 20319K, committed 20928K, reserved 1048576K
}
Event: 11337.340 GC heap after
{Heap after GC invocations=66 (full 0):
 garbage-first heap   total 410624K, used 300415K [0x0000000080000000, 0x0000000100000000)
  region size 1024K, 10 young (10240K), 10 survivors (10240K)
 Metaspace       used 150932K, committed 152192K, reserved 1245184K
  class space    used 20319K, committed 20928K, reserved 1048576K
}
Event: 11338.274 GC heap before
{Heap before GC invocations=66 (full 0):
 garbage-first heap   total 410624K, used 346495K [0x0000000080000000, 0x0000000100000000)
  region size 1024K, 55 young (56320K), 10 survivors (10240K)
 Metaspace       used 151125K, committed 152512K, reserved 1245184K
  class space    used 20341K, committed 20992K, reserved 1048576K
}
Event: 11338.299 GC heap after
{Heap after GC invocations=67 (full 0):
 garbage-first heap   total 410624K, used 303086K [0x0000000080000000, 0x0000000100000000)
  region size 1024K, 5 young (5120K), 5 survivors (5120K)
 Metaspace       used 151125K, committed 152512K, reserved 1245184K
  class space    used 20341K, committed 20992K, reserved 1048576K
}
Event: 11338.686 GC heap before
{Heap before GC invocations=67 (full 0):
 garbage-first heap   total 410624K, used 348142K [0x0000000080000000, 0x0000000100000000)
  region size 1024K, 49 young (50176K), 5 survivors (5120K)
 Metaspace       used 151190K, committed 152640K, reserved 1245184K
  class space    used 20349K, committed 20992K, reserved 1048576K
}
Event: 11338.702 GC heap after
{Heap after GC invocations=68 (full 0):
 garbage-first heap   total 410624K, used 306114K [0x0000000080000000, 0x0000000100000000)
  region size 1024K, 3 young (3072K), 3 survivors (3072K)
 Metaspace       used 151190K, committed 152640K, reserved 1245184K
  class space    used 20349K, committed 20992K, reserved 1048576K
}
Event: 11339.365 GC heap before
{Heap before GC invocations=68 (full 0):
 garbage-first heap   total 410624K, used 370626K [0x0000000080000000, 0x0000000100000000)
  region size 1024K, 47 young (48128K), 3 survivors (3072K)
 Metaspace       used 151389K, committed 152896K, reserved 1245184K
  class space    used 20386K, committed 21056K, reserved 1048576K
}
Event: 11339.372 GC heap after
{Heap after GC invocations=69 (full 0):
 garbage-first heap   total 410624K, used 304557K [0x0000000080000000, 0x0000000100000000)
  region size 1024K, 2 young (2048K), 2 survivors (2048K)
 Metaspace       used 151389K, committed 152896K, reserved 1245184K
  class space    used 20386K, committed 21056K, reserved 1048576K
}
Event: 11565.059 GC heap before
{Heap before GC invocations=69 (full 0):
 garbage-first heap   total 410624K, used 351661K [0x0000000080000000, 0x0000000100000000)
  region size 1024K, 49 young (50176K), 2 survivors (2048K)
 Metaspace       used 151504K, committed 152960K, reserved 1245184K
  class space    used 20390K, committed 21056K, reserved 1048576K
}
Event: 11565.140 GC heap after
{Heap after GC invocations=70 (full 0):
 garbage-first heap   total 410624K, used 310006K [0x0000000080000000, 0x0000000100000000)
  region size 1024K, 7 young (7168K), 7 survivors (7168K)
 Metaspace       used 151504K, committed 152960K, reserved 1245184K
  class space    used 20390K, committed 21056K, reserved 1048576K
}
Event: 11566.811 GC heap before
{Heap before GC invocations=70 (full 0):
 garbage-first heap   total 410624K, used 354038K [0x0000000080000000, 0x0000000100000000)
  region size 1024K, 49 young (50176K), 7 survivors (7168K)
 Metaspace       used 151525K, committed 152960K, reserved 1245184K
  class space    used 20390K, committed 21056K, reserved 1048576K
}
Event: 11566.869 GC heap after
{Heap after GC invocations=71 (full 0):
 garbage-first heap   total 410624K, used 321351K [0x0000000080000000, 0x0000000100000000)
  region size 1024K, 7 young (7168K), 7 survivors (7168K)
 Metaspace       used 151525K, committed 152960K, reserved 1245184K
  class space    used 20390K, committed 21056K, reserved 1048576K
}
Event: 11567.423 GC heap before
{Heap before GC invocations=71 (full 0):
 garbage-first heap   total 410624K, used 352071K [0x0000000080000000, 0x0000000100000000)
  region size 1024K, 37 young (37888K), 7 survivors (7168K)
 Metaspace       used 151543K, committed 153024K, reserved 1245184K
  class space    used 20390K, committed 21056K, reserved 1048576K
}
Event: 11567.460 GC heap after
{Heap after GC invocations=72 (full 0):
 garbage-first heap   total 410624K, used 328860K [0x0000000080000000, 0x0000000100000000)
  region size 1024K, 5 young (5120K), 5 survivors (5120K)
 Metaspace       used 151543K, committed 153024K, reserved 1245184K
  class space    used 20390K, committed 21056K, reserved 1048576K
}
Event: 11568.029 GC heap before
{Heap before GC invocations=72 (full 0):
 garbage-first heap   total 410624K, used 353436K [0x0000000080000000, 0x0000000100000000)
  region size 1024K, 29 young (29696K), 5 survivors (5120K)
 Metaspace       used 151616K, committed 153088K, reserved 1245184K
  class space    used 20390K, committed 21056K, reserved 1048576K
}
Event: 11568.047 GC heap after
{Heap after GC invocations=73 (full 0):
 garbage-first heap   total 410624K, used 330884K [0x0000000080000000, 0x0000000100000000)
  region size 1024K, 2 young (2048K), 2 survivors (2048K)
 Metaspace       used 151616K, committed 153088K, reserved 1245184K
  class space    used 20390K, committed 21056K, reserved 1048576K
}
Event: 11568.799 GC heap before
{Heap before GC invocations=73 (full 0):
 garbage-first heap   total 410624K, used 354436K [0x0000000080000000, 0x0000000100000000)
  region size 1024K, 26 young (26624K), 2 survivors (2048K)
 Metaspace       used 151761K, committed 153216K, reserved 1245184K
  class space    used 20390K, committed 21056K, reserved 1048576K
}

